# JRE version: OpenJDK Runtime Environment (26.0.2) (build 26.0.2)
# Java VM: OpenJDK 64-Bit Server VM (26.0.2, mixed mode, sharing, tiered, compressed oops, compressed class ptrs, g1 gc, linux-amd64)
GC Precious Log:
 CardTable entry size: 512
 Card Set container configuration: InlinePtr #cards 5 size 8 Array Of Cards #cards 10 size 36 Howl #buckets 4 coarsen threshold 1843 Howl Bitmap #cards 512 size 80 coarsen threshold 460 Card regions per heap region 1 cards per card region 2048
 CPUs: 4 total, 4 available
 Memory: 5812M
 Large Page Support: Disabled
 NUMA Support: Disabled
 Compressed Oops: Enabled (32-bit)
 Heap Region Size: 1M
 Heap Min Capacity: 64M
 Heap Initial Capacity: 64M
 Heap Max Capacity: 1G
 Pre-touch: Disabled
 Parallel Workers: 4
 Concurrent Workers: 1
 Concurrent Refinement Workers: 4
 Periodic GC: Disabled
Heap:
 garbage-first heap   total reserved 1048576K, committed 205824K, used 89467K [0x00000000c0000000, 0x0000000100000000)
  region size 1M, 47 eden (47M), 5 survivor (5M), 37 old (37M), 1 humongous (1M), 111 free (111M)
GC Heap Usage History (18 events):
Event: 4,792 {heap Before GC invocations=0 (full 0):
 garbage-first heap   total reserved 1048576K, committed 67584K, used 29840K [0x00000000c0000000, 0x0000000100000000)
  region size 1M, 28 eden (28M), 0 survivor (0M), 2 old (2M), 0 humongous (0M), 36 free (36M)
}
Event: 4,820 {heap After GC invocations=1 (full 0):
 garbage-first heap   total reserved 1048576K, committed 67584K, used 5058K [0x00000000c0000000, 0x0000000100000000)
  region size 1M, 0 eden (0M), 4 survivor (4M), 2 old (2M), 0 humongous (0M), 60 free (60M)
}
Event: 6,198 {heap Before GC invocations=1 (full 0):
 garbage-first heap   total reserved 1048576K, committed 67584K, used 32706K [0x00000000c0000000, 0x0000000100000000)
  region size 1M, 26 eden (26M), 4 survivor (4M), 2 old (2M), 1 humongous (1M), 33 free (33M)
}
Event: 6,227 {heap After GC invocations=2 (full 0):
 garbage-first heap   total reserved 1048576K, committed 67584K, used 10900K [0x00000000c0000000, 0x0000000100000000)
  region size 1M, 0 eden (0M), 4 survivor (4M), 7 old (7M), 1 humongous (1M), 54 free (54M)
}
Event: 7,340 {heap Before GC invocations=2 (full 0):
 garbage-first heap   total reserved 1048576K, committed 67584K, used 39572K [0x00000000c0000000, 0x0000000100000000)
  region size 1M, 28 eden (28M), 4 survivor (4M), 7 old (7M), 1 humongous (1M), 26 free (26M)
}
Event: 7,359 {heap After GC invocations=3 (full 0):
 garbage-first heap   total reserved 1048576K, committed 67584K, used 11718K [0x00000000c0000000, 0x0000000100000000)
  region size 1M, 0 eden (0M), 4 survivor (4M), 9 old (9M), 0 humongous (0M), 53 free (53M)
}
Event: 8,403 {heap Before GC invocations=3 (full 0):
 garbage-first heap   total reserved 1048576K, committed 67584K, used 43462K [0x00000000c0000000, 0x0000000100000000)
  region size 1M, 31 eden (31M), 4 survivor (4M), 9 old (9M), 0 humongous (0M), 22 free (22M)
}
Event: 8,469 {heap After GC invocations=4 (full 0):
 garbage-first heap   total reserved 1048576K, committed 67584K, used 25636K [0x00000000c0000000, 0x0000000100000000)
  region size 1M, 0 eden (0M), 5 survivor (5M), 21 old (21M), 0 humongous (0M), 40 free (40M)
}
Event: 8,609 {heap Before GC invocations=4 (full 0):
 garbage-first heap   total reserved 1048576K, committed 67584K, used 46116K [0x00000000c0000000, 0x0000000100000000)
  region size 1M, 20 eden (20M), 5 survivor (5M), 21 old (21M), 0 humongous (0M), 20 free (20M)
}
Event: 8,688 {heap After GC invocations=5 (full 0):
 garbage-first heap   total reserved 1048576K, committed 205824K, used 42640K [0x00000000c0000000, 0x0000000100000000)
  region size 1M, 0 eden (0M), 4 survivor (4M), 39 old (39M), 0 humongous (0M), 158 free (158M)
}
Event: 11,759 {heap Before GC invocations=5 (full 0):
 garbage-first heap   total reserved 1048576K, committed 205824K, used 118416K [0x00000000c0000000, 0x0000000100000000)
  region size 1M, 74 eden (74M), 4 survivor (4M), 39 old (39M), 1 humongous (1M), 83 free (83M)
}
Event: 11,849 {heap After GC invocations=6 (full 0):
 garbage-first heap   total reserved 1048576K, committed 205824K, used 61072K [0x00000000c0000000, 0x0000000100000000)
  region size 1M, 0 eden (0M), 10 survivor (10M), 51 old (51M), 0 humongous (0M), 140 free (140M)
}
Event: 20,652 {heap Before GC invocations=6 (full 0):
 garbage-first heap   total reserved 1048576K, committed 205824K, used 106128K [0x00000000c0000000, 0x0000000100000000)
  region size 1M, 45 eden (45M), 10 survivor (10M), 51 old (51M), 0 humongous (0M), 95 free (95M)
}
Event: 20,778 {heap After GC invocations=7 (full 0):
 garbage-first heap   total reserved 1048576K, committed 205824K, used 69776K [0x00000000c0000000, 0x0000000100000000)
  region size 1M, 0 eden (0M), 7 survivor (7M), 62 old (62M), 0 humongous (0M), 132 free (132M)
}
Event: 24,866 {heap Before GC invocations=7 (full 0):
 garbage-first heap   total reserved 1048576K, committed 205824K, used 87184K [0x00000000c0000000, 0x0000000100000000)
  region size 1M, 19 eden (19M), 7 survivor (7M), 62 old (62M), 0 humongous (0M), 113 free (113M)
}
Event: 24,882 {heap After GC invocations=8 (full 0):
 garbage-first heap   total reserved 1048576K, committed 205824K, used 74060K [0x00000000c0000000, 0x0000000100000000)
  region size 1M, 0 eden (0M), 4 survivor (4M), 70 old (70M), 0 humongous (0M), 127 free (127M)
}
Event: 26,490 {heap Before GC invocations=9 (full 0):
 garbage-first heap   total reserved 1048576K, committed 205824K, used 105804K [0x00000000c0000000, 0x0000000100000000)
  region size 1M, 63 eden (63M), 4 survivor (4M), 37 old (37M), 1 humongous (1M), 96 free (96M)
}
Event: 26,519 {heap After GC invocations=10 (full 0):
 garbage-first heap   total reserved 1048576K, committed 205824K, used 42363K [0x00000000c0000000, 0x0000000100000000)
  region size 1M, 0 eden (0M), 5 survivor (5M), 37 old (37M), 1 humongous (1M), 158 free (158M)
}

