# JRE version: OpenJDK Runtime Environment (26.0.1) (build 26.0.1)
# Java VM: OpenJDK 64-Bit Server VM (26.0.1, mixed mode, sharing, tiered, compressed oops, compressed class ptrs, g1 gc, linux-amd64)
GC Precious Log:
 CardTable entry size: 512
 Card Set container configuration: InlinePtr #cards 5 size 8 Array Of Cards #cards 10 size 36 Howl #buckets 4 coarsen threshold 1843 Howl Bitmap #cards 512 size 80 coarsen threshold 460 Card regions per heap region 1 cards per card region 2048
 CPUs: 4 total, 4 available
 Memory: 5812M
 Large Page Support: Disabled
 NUMA Support: Disabled
 Compressed Oops: Enabled (32-bit)
 Heap Region Size: 1M
 Heap Min Capacity: 64M
 Heap Initial Capacity: 64M
 Heap Max Capacity: 1G
 Pre-touch: Disabled
 Parallel Workers: 4
 Concurrent Workers: 1
 Concurrent Refinement Workers: 4
 Periodic GC: Disabled
Heap:
 garbage-first heap   total reserved 1048576K, committed 196608K, used 116644K [0x00000000c0000000, 0x0000000100000000)
  region size 1M, 89 eden (89M), 5 survivor (5M), 22 old (22M), 1 humongous (1M), 75 free (75M)
GC Heap Usage History (12 events):
Event: 4,430 {heap Before GC invocations=0 (full 0):
 garbage-first heap   total reserved 1048576K, committed 67584K, used 29840K [0x00000000c0000000, 0x0000000100000000)
  region size 1M, 28 eden (28M), 0 survivor (0M), 2 old (2M), 0 humongous (0M), 36 free (36M)
}
Event: 4,482 {heap After GC invocations=1 (full 0):
 garbage-first heap   total reserved 1048576K, committed 67584K, used 8848K [0x00000000c0000000, 0x0000000100000000)
  region size 1M, 0 eden (0M), 4 survivor (4M), 6 old (6M), 0 humongous (0M), 56 free (56M)
}
Event: 6,177 {heap Before GC invocations=1 (full 0):
 garbage-first heap   total reserved 1048576K, committed 67584K, used 21136K [0x00000000c0000000, 0x0000000100000000)
  region size 1M, 12 eden (12M), 4 survivor (4M), 6 old (6M), 0 humongous (0M), 44 free (44M)
}
Event: 6,275 {heap After GC invocations=2 (full 0):
 garbage-first heap   total reserved 1048576K, committed 67584K, used 10164K [0x00000000c0000000, 0x0000000100000000)
  region size 1M, 0 eden (0M), 1 survivor (1M), 10 old (10M), 0 humongous (0M), 55 free (55M)
}
Event: 10,115 {heap Before GC invocations=2 (full 0):
 garbage-first heap   total reserved 1048576K, committed 67584K, used 39860K [0x00000000c0000000, 0x0000000100000000)
  region size 1M, 29 eden (29M), 1 survivor (1M), 10 old (10M), 1 humongous (1M), 25 free (25M)
}
Event: 10,157 {heap After GC invocations=3 (full 0):
 garbage-first heap   total reserved 1048576K, committed 67584K, used 16267K [0x00000000c0000000, 0x0000000100000000)
  region size 1M, 0 eden (0M), 4 survivor (4M), 13 old (13M), 0 humongous (0M), 49 free (49M)
}
Event: 16,115 {heap Before GC invocations=3 (full 0):
 garbage-first heap   total reserved 1048576K, committed 67584K, used 44939K [0x00000000c0000000, 0x0000000100000000)
  region size 1M, 28 eden (28M), 4 survivor (4M), 13 old (13M), 0 humongous (0M), 21 free (21M)
}
Event: 16,244 {heap After GC invocations=4 (full 0):
 garbage-first heap   total reserved 1048576K, committed 67584K, used 20592K [0x00000000c0000000, 0x0000000100000000)
  region size 1M, 0 eden (0M), 4 survivor (4M), 17 old (17M), 0 humongous (0M), 45 free (45M)
}
Event: 27,116 {heap Before GC invocations=4 (full 0):
 garbage-first heap   total reserved 1048576K, committed 67584K, used 46192K [0x00000000c0000000, 0x0000000100000000)
  region size 1M, 26 eden (26M), 4 survivor (4M), 17 old (17M), 0 humongous (0M), 19 free (19M)
}
Event: 27,153 {heap After GC invocations=5 (full 0):
 garbage-first heap   total reserved 1048576K, committed 196608K, used 24903K [0x00000000c0000000, 0x0000000100000000)
  region size 1M, 0 eden (0M), 4 survivor (4M), 22 old (22M), 0 humongous (0M), 166 free (166M)
}
Event: 27,619 {heap Before GC invocations=5 (full 0):
 garbage-first heap   total reserved 1048576K, committed 196608K, used 43335K [0x00000000c0000000, 0x0000000100000000)
  region size 1M, 18 eden (18M), 4 survivor (4M), 22 old (22M), 1 humongous (1M), 147 free (147M)
}
Event: 27,640 {heap After GC invocations=6 (full 0):
 garbage-first heap   total reserved 1048576K, committed 196608K, used 26532K [0x00000000c0000000, 0x0000000100000000)
  region size 1M, 0 eden (0M), 5 survivor (5M), 22 old (22M), 1 humongous (1M), 164 free (164M)
}

